<?xml version='1.0' encoding='UTF-8'?>
<datasources>
<!--
-->
  <xa-datasource jndi-name="java:/jdbc/test" pool-name="jdbc/test" enabled="true" use-ccm="false">
    <xa-datasource-property name="URL">jdbc:h2:mem:test;DB_CLOSE_DELAY=-1</xa-datasource-property>
    <xa-datasource-class>org.h2.jdbcx.JdbcDataSource</xa-datasource-class>
    <driver>h2</driver>
    <xa-pool>
      <is-same-rm-override>false</is-same-rm-override>
      <interleaving>false</interleaving>
      <pad-xid>false</pad-xid>
      <wrap-xa-resource>false</wrap-xa-resource>
    </xa-pool>
    <security>
      <user-name>test</user-name>
      <password>test</password>
    </security>
    <validation>
      <validate-on-match>false</validate-on-match>
      <background-validation>false</background-validation>
    </validation>
    <statement>
      <share-prepared-statements>false</share-prepared-statements>
    </statement>
  </xa-datasource>

<!--
  <datasource jta="true" jndi-name="java:/jdbc/test" pool-name="jdbc/test" enabled="true" use-ccm="false">
    <connection-url>jdbc:h2:mem:test;DB_CLOSE_DELAY=-1</connection-url>
    <driver>h2</driver>
    <security>
      <user-name>test</user-name>
      <password>test</password>
    </security>
  </datasource>
-->
</datasources>
